<?xml version="1.0" encoding="UTF-8"?>
<testsuite xmlns:xsi="http://www.w3.org/2001/XMLSchema-instance" xsi:noNamespaceSchemaLocation="https://maven.apache.org/surefire/maven-surefire-plugin/xsd/surefire-test-report-3.0.xsd" version="3.0" name="com.onlinevoting.backend.VotingWorkflowIntegrationTest" time="19.034" tests="1" errors="0" skipped="0" failures="0">
  <properties>
[...]
</properties>
  <testcase name="endToEndVotingWorkflow_shouldSucceed" classname="com.onlinevoting.backend.VotingWorkflowIntegrationTest" time="8.644">
    <system-out><![CDATA[2026-04-07T02:42:35.221+05:30  INFO 9100 --- [online-voting-backend] [           main] t.c.s.AnnotationConfigContextLoaderUtils : Could not detect default configuration classes for test class [com.onlinevoting.backend.VotingWorkflowIntegrationTest]: VotingWorkflowIntegrationTest does not declare any static, non-private, non-final, nested classes annotated with @Configuration.
2026-04-07T02:42:35.245+05:30  INFO 9100 --- [online-voting-backend] [           main] .b.t.c.SpringBootTestContextBootstrapper : Found @SpringBootConfiguration com.onlinevoting.backend.OnlineVotingBackendApplication for test class com.onlinevoting.backend.VotingWorkflowIntegrationTest

  .   ____          _            __ _ _
 /\\ / ___'_ __ _ _(_)_ __  __ _ \ \ \ \
( ( )\___ | '_ | '_| | '_ \/ _` | \ \ \ \
 \\/  ___)| |_)| | | | | || (_| |  ) ) ) )
  '  |____| .__|_| |_|_| |_\__, | / / / /
 =========|_|==============|___/=/_/_/_/

 :: Spring Boot ::                (v3.3.5)

2026-04-07T02:42:35.434+05:30  INFO 9100 --- [online-voting-backend] [           main] c.o.b.VotingWorkflowIntegrationTest      : Starting VotingWorkflowIntegrationTest using Java 26 with PID 9100 (started by 91836 in C:\Users\91836\Downloads\code_sandbox_light_141b0df4_1775507155\backend)
2026-04-07T02:42:35.435+05:30  INFO 9100 --- [online-voting-backend] [           main] c.o.b.VotingWorkflowIntegrationTest      : The following 1 profile is active: "test"
2026-04-07T02:42:36.823+05:30  INFO 9100 --- [online-voting-backend] [           main] .s.d.r.c.RepositoryConfigurationDelegate : Bootstrapping Spring Data JPA repositories in DEFAULT mode.
2026-04-07T02:42:36.888+05:30  INFO 9100 --- [online-voting-backend] [           main] .s.d.r.c.RepositoryConfigurationDelegate : Finished Spring Data repository scanning in 63 ms. Found 5 JPA repository interfaces.
2026-04-07T02:42:37.667+05:30  INFO 9100 --- [online-voting-backend] [           main] o.hibernate.jpa.internal.util.LogHelper  : HHH000204: Processing PersistenceUnitInfo [name: default]
2026-04-07T02:42:37.674+05:30  INFO 9100 --- [online-voting-backend] [           main] o.h.c.internal.RegionFactoryInitiator    : HHH000026: Second-level cache disabled
2026-04-07T02:42:37.694+05:30  INFO 9100 --- [online-voting-backend] [           main] o.s.o.j.p.SpringPersistenceUnitInfo      : No LoadTimeWeaver setup: ignoring JPA class transformer
2026-04-07T02:42:37.696+05:30  INFO 9100 --- [online-voting-backend] [           main] com.zaxxer.hikari.HikariDataSource       : HikariPool-2 - Starting...
2026-04-07T02:42:37.698+05:30  INFO 9100 --- [online-voting-backend] [           main] com.zaxxer.hikari.pool.HikariPool        : HikariPool-2 - Added connection conn10: url=jdbc:h2:mem:online_voting_test user=SA
2026-04-07T02:42:37.699+05:30  INFO 9100 --- [online-voting-backend] [           main] com.zaxxer.hikari.HikariDataSource       : HikariPool-2 - Start completed.
2026-04-07T02:42:38.191+05:30  INFO 9100 --- [online-voting-backend] [           main] o.h.e.t.j.p.i.JtaPlatformInitiator       : HHH000489: No JTA platform available (set 'hibernate.transaction.jta.platform' to enable JTA platform integration)
2026-04-07T02:42:38.276+05:30  INFO 9100 --- [online-voting-backend] [           main] j.LocalContainerEntityManagerFactoryBean : Initialized JPA EntityManagerFactory for persistence unit 'default'
2026-04-07T02:42:39.548+05:30  INFO 9100 --- [online-voting-backend] [           main] eAuthenticationProviderManagerConfigurer : Global AuthenticationManager configured with AuthenticationProvider bean with name authenticationProvider
2026-04-07T02:42:39.548+05:30  WARN 9100 --- [online-voting-backend] [           main] r$InitializeUserDetailsManagerConfigurer : Global AuthenticationManager configured with an AuthenticationProvider bean. UserDetailsService beans will not be used for username/password login. Consider removing the AuthenticationProvider bean. Alternatively, consider using the UserDetailsService in a manually instantiated DaoAuthenticationProvider.
2026-04-07T02:42:40.182+05:30  INFO 9100 --- [online-voting-backend] [           main] o.s.b.a.e.web.EndpointLinksResolver      : Exposing 1 endpoint beneath base path '/actuator'
2026-04-07T02:42:45.008+05:30  INFO 9100 --- [online-voting-backend] [           main] o.s.b.t.m.w.SpringBootMockServletContext : Initializing Spring TestDispatcherServlet ''
2026-04-07T02:42:45.017+05:30  INFO 9100 --- [online-voting-backend] [           main] o.s.t.web.servlet.TestDispatcherServlet  : Initializing Servlet ''
2026-04-07T02:42:45.023+05:30  INFO 9100 --- [online-voting-backend] [           main] o.s.t.web.servlet.TestDispatcherServlet  : Completed initialization in 5 ms
2026-04-07T02:42:45.159+05:30  INFO 9100 --- [online-voting-backend] [           main] c.o.b.VotingWorkflowIntegrationTest      : Started VotingWorkflowIntegrationTest in 9.899 seconds (process running for 45.963)
2026-04-07T02:42:45.571+05:30  INFO 9100 --- [online-voting-backend] [           main] c.o.backend.config.DataSeeder            : Seeded default admin user: admin
]]></system-out>
  </testcase>
</testsuite>